\BOOKMARK [0][-]{chapter.1}{\376\377\000G\000e\000n\000e\000r\000a\000l\000\040\000I\000n\000t\000r\000o\000d\000u\000c\000t\000i\000o\000n}{}% 1
\BOOKMARK [1][-]{section.1.1}{\376\377\000C\000o\000n\000t\000e\000x\000t\000\040\000a\000n\000d\000\040\000M\000o\000t\000i\000v\000a\000t\000i\000o\000n}{chapter.1}% 2
\BOOKMARK [1][-]{section.1.2}{\376\377\000P\000r\000o\000j\000e\000c\000t\000\040\000O\000b\000j\000e\000c\000t\000i\000v\000e\000s}{chapter.1}% 3
\BOOKMARK [1][-]{section.1.3}{\376\377\000R\000e\000p\000o\000r\000t\000\040\000S\000t\000r\000u\000c\000t\000u\000r\000e}{chapter.1}% 4
\BOOKMARK [0][-]{chapter.2}{\376\377\000S\000t\000a\000t\000e\000\040\000o\000f\000\040\000t\000h\000e\000\040\000A\000r\000t}{}% 5
\BOOKMARK [1][-]{section.2.1}{\376\377\000D\000e\000v\000O\000p\000s\000\040\000a\000n\000d\000\040\000C\000I\000/\000C\000D\000\040\000C\000o\000n\000c\000e\000p\000t\000s}{chapter.2}% 6
\BOOKMARK [2][-]{subsection.2.1.1}{\376\377\000C\000o\000n\000t\000i\000n\000u\000o\000u\000s\000\040\000I\000n\000t\000e\000g\000r\000a\000t\000i\000o\000n\000\040\000\050\000C\000I\000\051}{section.2.1}% 7
\BOOKMARK [2][-]{subsection.2.1.2}{\376\377\000C\000o\000n\000t\000i\000n\000u\000o\000u\000s\000\040\000D\000e\000p\000l\000o\000y\000m\000e\000n\000t\000\040\000\050\000C\000D\000\051}{section.2.1}% 8
\BOOKMARK [2][-]{subsection.2.1.3}{\376\377\000I\000n\000f\000r\000a\000s\000t\000r\000u\000c\000t\000u\000r\000e\000\040\000a\000s\000\040\000C\000o\000d\000e\000\040\000\050\000I\000a\000C\000\051}{section.2.1}% 9
\BOOKMARK [1][-]{section.2.2}{\376\377\000E\000x\000i\000s\000t\000i\000n\000g\000\040\000P\000l\000a\000t\000f\000o\000r\000m\000s\000\040\000C\000o\000m\000p\000a\000r\000i\000s\000o\000n}{chapter.2}% 10
\BOOKMARK [1][-]{section.2.3}{\376\377\000T\000e\000c\000h\000n\000o\000l\000o\000g\000y\000\040\000L\000a\000n\000d\000s\000c\000a\000p\000e}{chapter.2}% 11
\BOOKMARK [2][-]{subsection.2.3.1}{\376\377\000C\000o\000n\000t\000a\000i\000n\000e\000r\000\040\000T\000e\000c\000h\000n\000o\000l\000o\000g\000i\000e\000s}{section.2.3}% 12
\BOOKMARK [2][-]{subsection.2.3.2}{\376\377\000N\000o\000d\000e\000.\000j\000s\000\040\000E\000c\000o\000s\000y\000s\000t\000e\000m}{section.2.3}% 13
\BOOKMARK [2][-]{subsection.2.3.3}{\376\377\000M\000o\000d\000e\000r\000n\000\040\000F\000r\000o\000n\000t\000e\000n\000d\000\040\000F\000r\000a\000m\000e\000w\000o\000r\000k\000s}{section.2.3}% 14
\BOOKMARK [2][-]{subsection.2.3.4}{\376\377\000M\000e\000s\000s\000a\000g\000e\000\040\000Q\000u\000e\000u\000e\000s\000\040\000a\000n\000d\000\040\000W\000o\000r\000k\000e\000r\000s}{section.2.3}% 15
\BOOKMARK [0][-]{chapter.3}{\376\377\000R\000e\000q\000u\000i\000r\000e\000m\000e\000n\000t\000s\000\040\000A\000n\000a\000l\000y\000s\000i\000s}{}% 16
\BOOKMARK [1][-]{section.3.1}{\376\377\000A\000c\000t\000o\000r\000s\000\040\000I\000d\000e\000n\000t\000i\000f\000i\000c\000a\000t\000i\000o\000n}{chapter.3}% 17
\BOOKMARK [1][-]{section.3.2}{\376\377\000F\000u\000n\000c\000t\000i\000o\000n\000a\000l\000\040\000R\000e\000q\000u\000i\000r\000e\000m\000e\000n\000t\000s}{chapter.3}% 18
\BOOKMARK [2][-]{subsection.3.2.1}{\376\377\000A\000u\000t\000h\000e\000n\000t\000i\000c\000a\000t\000i\000o\000n\000\040\000a\000n\000d\000\040\000A\000u\000t\000h\000o\000r\000i\000s\000a\000t\000i\000o\000n}{section.3.2}% 19
\BOOKMARK [2][-]{subsection.3.2.2}{\376\377\000P\000r\000o\000j\000e\000c\000t\000\040\000M\000a\000n\000a\000g\000e\000m\000e\000n\000t}{section.3.2}% 20
\BOOKMARK [2][-]{subsection.3.2.3}{\376\377\000C\000I\000/\000C\000D\000\040\000P\000i\000p\000e\000l\000i\000n\000e}{section.3.2}% 21
\BOOKMARK [2][-]{subsection.3.2.4}{\376\377\000D\000e\000p\000l\000o\000y\000m\000e\000n\000t}{section.3.2}% 22
\BOOKMARK [2][-]{subsection.3.2.5}{\376\377\000H\000o\000s\000t\000\040\000M\000a\000n\000a\000g\000e\000m\000e\000n\000t}{section.3.2}% 23
\BOOKMARK [2][-]{subsection.3.2.6}{\376\377\000M\000o\000n\000i\000t\000o\000r\000i\000n\000g\000\040\000a\000n\000d\000\040\000A\000l\000e\000r\000t\000i\000n\000g}{section.3.2}% 24
\BOOKMARK [2][-]{subsection.3.2.7}{\376\377\000L\000o\000g\000g\000i\000n\000g}{section.3.2}% 25
\BOOKMARK [2][-]{subsection.3.2.8}{\376\377\000O\000r\000g\000a\000n\000i\000s\000a\000t\000i\000o\000n\000\040\000S\000e\000t\000t\000i\000n\000g\000s}{section.3.2}% 26
\BOOKMARK [1][-]{section.3.3}{\376\377\000N\000o\000n\000-\000F\000u\000n\000c\000t\000i\000o\000n\000a\000l\000\040\000R\000e\000q\000u\000i\000r\000e\000m\000e\000n\000t\000s}{chapter.3}% 27
\BOOKMARK [1][-]{section.3.4}{\376\377\000U\000s\000e\000\040\000C\000a\000s\000e\000\040\000D\000i\000a\000g\000r\000a\000m}{chapter.3}% 28
\BOOKMARK [1][-]{section.3.5}{\376\377\000D\000e\000t\000a\000i\000l\000e\000d\000\040\000U\000s\000e\000\040\000C\000a\000s\000e\000s}{chapter.3}% 29
\BOOKMARK [2][-]{subsection.3.5.1}{\376\377\000U\000s\000e\000\040\000C\000a\000s\000e\000:\000\040\000T\000r\000i\000g\000g\000e\000r\000\040\000P\000i\000p\000e\000l\000i\000n\000e\000\040\000R\000u\000n}{section.3.5}% 30
\BOOKMARK [2][-]{subsection.3.5.2}{\376\377\000U\000s\000e\000\040\000C\000a\000s\000e\000:\000\040\000R\000e\000g\000i\000s\000t\000e\000r\000\040\000a\000n\000d\000\040\000L\000o\000g\000i\000n}{section.3.5}% 31
\BOOKMARK [0][-]{chapter.4}{\376\377\000S\000y\000s\000t\000e\000m\000\040\000A\000r\000c\000h\000i\000t\000e\000c\000t\000u\000r\000e}{}% 32
\BOOKMARK [1][-]{section.4.1}{\376\377\000G\000l\000o\000b\000a\000l\000\040\000A\000r\000c\000h\000i\000t\000e\000c\000t\000u\000r\000e\000\040\000O\000v\000e\000r\000v\000i\000e\000w}{chapter.4}% 33
\BOOKMARK [1][-]{section.4.2}{\376\377\000T\000e\000c\000h\000n\000o\000l\000o\000g\000y\000\040\000S\000t\000a\000c\000k}{chapter.4}% 34
\BOOKMARK [1][-]{section.4.3}{\376\377\000C\000o\000m\000p\000o\000n\000e\000n\000t\000\040\000A\000r\000c\000h\000i\000t\000e\000c\000t\000u\000r\000e}{chapter.4}% 35
\BOOKMARK [2][-]{subsection.4.3.1}{\376\377\000B\000a\000c\000k\000e\000n\000d\000\040\000C\000o\000m\000p\000o\000n\000e\000n\000t\000s}{section.4.3}% 36
\BOOKMARK [2][-]{subsection.4.3.2}{\376\377\000F\000r\000o\000n\000t\000e\000n\000d\000\040\000A\000r\000c\000h\000i\000t\000e\000c\000t\000u\000r\000e}{section.4.3}% 37
\BOOKMARK [1][-]{section.4.4}{\376\377\000M\000u\000l\000t\000i\000-\000T\000e\000n\000a\000n\000c\000y\000\040\000A\000r\000c\000h\000i\000t\000e\000c\000t\000u\000r\000e}{chapter.4}% 38
\BOOKMARK [1][-]{section.4.5}{\376\377\000R\000e\000a\000l\000-\000T\000i\000m\000e\000\040\000C\000o\000m\000m\000u\000n\000i\000c\000a\000t\000i\000o\000n\000\040\000A\000r\000c\000h\000i\000t\000e\000c\000t\000u\000r\000e}{chapter.4}% 39
\BOOKMARK [0][-]{chapter.5}{\376\377\000D\000a\000t\000a\000\040\000M\000o\000d\000e\000l\000l\000i\000n\000g}{}% 40
\BOOKMARK [1][-]{section.5.1}{\376\377\000C\000l\000a\000s\000s\000\040\000D\000i\000a\000g\000r\000a\000m}{chapter.5}% 41
\BOOKMARK [1][-]{section.5.2}{\376\377\000D\000a\000t\000a\000\040\000M\000o\000d\000e\000l\000\040\000F\000a\000m\000i\000l\000i\000e\000s}{chapter.5}% 42
\BOOKMARK [1][-]{section.5.3}{\376\377\000D\000a\000t\000a\000b\000a\000s\000e\000\040\000I\000n\000d\000e\000x\000i\000n\000g\000\040\000S\000t\000r\000a\000t\000e\000g\000y}{chapter.5}% 43
\BOOKMARK [0][-]{chapter.6}{\376\377\000D\000e\000t\000a\000i\000l\000e\000d\000\040\000D\000e\000s\000i\000g\000n}{}% 44
\BOOKMARK [1][-]{section.6.1}{\376\377\000A\000u\000t\000h\000e\000n\000t\000i\000c\000a\000t\000i\000o\000n\000\040\000F\000l\000o\000w\000\040\040\023\000\040\000L\000o\000g\000i\000n\000\040\000S\000e\000q\000u\000e\000n\000c\000e}{chapter.6}% 45
\BOOKMARK [1][-]{section.6.2}{\376\377\000P\000i\000p\000e\000l\000i\000n\000e\000\040\000E\000x\000e\000c\000u\000t\000i\000o\000n\000\040\000F\000l\000o\000w}{chapter.6}% 46
\BOOKMARK [1][-]{section.6.3}{\376\377\000D\000e\000p\000l\000o\000y\000m\000e\000n\000t\000\040\000F\000l\000o\000w}{chapter.6}% 47
\BOOKMARK [1][-]{section.6.4}{\376\377\000W\000e\000b\000h\000o\000o\000k\000-\000T\000r\000i\000g\000g\000e\000r\000e\000d\000\040\000P\000i\000p\000e\000l\000i\000n\000e}{chapter.6}% 48
\BOOKMARK [1][-]{section.6.5}{\376\377\000T\000o\000k\000e\000n\000\040\000R\000e\000f\000r\000e\000s\000h\000\040\000F\000l\000o\000w}{chapter.6}% 49
\BOOKMARK [0][-]{chapter.7}{\376\377\000I\000m\000p\000l\000e\000m\000e\000n\000t\000a\000t\000i\000o\000n}{}% 50
\BOOKMARK [1][-]{section.7.1}{\376\377\000B\000a\000c\000k\000e\000n\000d\000\040\000R\000E\000S\000T\000\040\000A\000P\000I}{chapter.7}% 51
\BOOKMARK [2][-]{subsection.7.1.1}{\376\377\000A\000P\000I\000\040\000E\000n\000d\000p\000o\000i\000n\000t\000\040\000S\000u\000m\000m\000a\000r\000y}{section.7.1}% 52
\BOOKMARK [2][-]{subsection.7.1.2}{\376\377\000R\000e\000q\000u\000e\000s\000t\000\040\000V\000a\000l\000i\000d\000a\000t\000i\000o\000n\000\040\000w\000i\000t\000h\000\040\000Z\000o\000d}{section.7.1}% 53
\BOOKMARK [2][-]{subsection.7.1.3}{\376\377\000S\000e\000c\000u\000r\000i\000t\000y\000\040\000I\000m\000p\000l\000e\000m\000e\000n\000t\000a\000t\000i\000o\000n}{section.7.1}% 54
\BOOKMARK [1][-]{section.7.2}{\376\377\000W\000o\000r\000k\000e\000r\000\040\000S\000u\000b\000s\000y\000s\000t\000e\000m}{chapter.7}% 55
\BOOKMARK [2][-]{subsection.7.2.1}{\376\377\000P\000i\000p\000e\000l\000i\000n\000e\000\040\000R\000u\000n\000n\000e\000r}{section.7.2}% 56
\BOOKMARK [2][-]{subsection.7.2.2}{\376\377\000D\000e\000p\000l\000o\000y\000\040\000W\000o\000r\000k\000e\000r}{section.7.2}% 57
\BOOKMARK [2][-]{subsection.7.2.3}{\376\377\000M\000o\000n\000i\000t\000o\000r\000\040\000W\000o\000r\000k\000e\000r}{section.7.2}% 58
\BOOKMARK [2][-]{subsection.7.2.4}{\376\377\000L\000o\000g\000\040\000C\000o\000l\000l\000e\000c\000t\000o\000r}{section.7.2}% 59
\BOOKMARK [1][-]{section.7.3}{\376\377\000F\000r\000o\000n\000t\000e\000n\000d\000\040\000D\000a\000s\000h\000b\000o\000a\000r\000d}{chapter.7}% 60
\BOOKMARK [2][-]{subsection.7.3.1}{\376\377\000S\000t\000a\000t\000e\000\040\000M\000a\000n\000a\000g\000e\000m\000e\000n\000t}{section.7.3}% 61
\BOOKMARK [2][-]{subsection.7.3.2}{\376\377\000A\000P\000I\000\040\000C\000l\000i\000e\000n\000t\000\040\000w\000i\000t\000h\000\040\000T\000o\000k\000e\000n\000\040\000R\000e\000f\000r\000e\000s\000h}{section.7.3}% 62
\BOOKMARK [2][-]{subsection.7.3.3}{\376\377\000R\000e\000a\000l\000-\000T\000i\000m\000e\000\040\000W\000e\000b\000S\000o\000c\000k\000e\000t\000\040\000I\000n\000t\000e\000g\000r\000a\000t\000i\000o\000n}{section.7.3}% 63
\BOOKMARK [1][-]{section.7.4}{\376\377\000C\000L\000I\000\040\000T\000o\000o\000l}{chapter.7}% 64
\BOOKMARK [1][-]{section.7.5}{\376\377\000P\000i\000p\000e\000l\000i\000n\000e\000\040\000C\000o\000n\000f\000i\000g\000u\000r\000a\000t\000i\000o\000n\000\040\000F\000i\000l\000e}{chapter.7}% 65
\BOOKMARK [0][-]{chapter.8}{\376\377\000U\000s\000e\000r\000\040\000I\000n\000t\000e\000r\000f\000a\000c\000e}{}% 66
\BOOKMARK [1][-]{section.8.1}{\376\377\000L\000o\000g\000i\000n\000\040\000P\000a\000g\000e}{chapter.8}% 67
\BOOKMARK [1][-]{section.8.2}{\376\377\000R\000e\000g\000i\000s\000t\000r\000a\000t\000i\000o\000n\000\040\000P\000a\000g\000e}{chapter.8}% 68
\BOOKMARK [1][-]{section.8.3}{\376\377\000D\000a\000s\000h\000b\000o\000a\000r\000d\000\040\000O\000v\000e\000r\000v\000i\000e\000w}{chapter.8}% 69
\BOOKMARK [1][-]{section.8.4}{\376\377\000P\000r\000o\000j\000e\000c\000t\000s\000\040\000P\000a\000g\000e}{chapter.8}% 70
\BOOKMARK [1][-]{section.8.5}{\376\377\000K\000e\000y\000\040\000U\000I\000\040\000C\000o\000m\000p\000o\000n\000e\000n\000t\000\040\000S\000u\000m\000m\000a\000r\000y}{chapter.8}% 71
\BOOKMARK [0][-]{chapter.9}{\376\377\000D\000e\000p\000l\000o\000y\000m\000e\000n\000t}{}% 72
\BOOKMARK [1][-]{section.9.1}{\376\377\000D\000e\000p\000l\000o\000y\000m\000e\000n\000t\000\040\000D\000i\000a\000g\000r\000a\000m}{chapter.9}% 73
\BOOKMARK [1][-]{section.9.2}{\376\377\000D\000o\000c\000k\000e\000r\000\040\000C\000o\000m\000p\000o\000s\000e\000\040\000C\000o\000n\000f\000i\000g\000u\000r\000a\000t\000i\000o\000n}{chapter.9}% 74
\BOOKMARK [1][-]{section.9.3}{\376\377\000T\000r\000a\000e\000f\000i\000k\000\040\000C\000o\000n\000f\000i\000g\000u\000r\000a\000t\000i\000o\000n}{chapter.9}% 75
\BOOKMARK [1][-]{section.9.4}{\376\377\000E\000n\000v\000i\000r\000o\000n\000m\000e\000n\000t\000\040\000V\000a\000r\000i\000a\000b\000l\000e\000s}{chapter.9}% 76
\BOOKMARK [1][-]{section.9.5}{\376\377\000D\000e\000p\000l\000o\000y\000m\000e\000n\000t\000\040\000S\000t\000r\000a\000t\000e\000g\000i\000e\000s\000\040\000S\000u\000p\000p\000o\000r\000t\000e\000d}{chapter.9}% 77
\BOOKMARK [0][-]{chapter.10}{\376\377\000T\000e\000s\000t\000i\000n\000g}{}% 78
\BOOKMARK [1][-]{section.10.1}{\376\377\000T\000e\000s\000t\000i\000n\000g\000\040\000S\000t\000r\000a\000t\000e\000g\000y}{chapter.10}% 79
\BOOKMARK [1][-]{section.10.2}{\376\377\000U\000n\000i\000t\000\040\000T\000e\000s\000t\000i\000n\000g}{chapter.10}% 80
\BOOKMARK [1][-]{section.10.3}{\376\377\000I\000n\000t\000e\000g\000r\000a\000t\000i\000o\000n\000\040\000T\000e\000s\000t\000i\000n\000g}{chapter.10}% 81
\BOOKMARK [1][-]{section.10.4}{\376\377\000E\000n\000d\000-\000t\000o\000-\000E\000n\000d\000\040\000T\000e\000s\000t\000i\000n\000g}{chapter.10}% 82
\BOOKMARK [1][-]{section.10.5}{\376\377\000P\000i\000p\000e\000l\000i\000n\000e\000\040\000E\000n\000d\000-\000t\000o\000-\000E\000n\000d\000\040\000T\000e\000s\000t\000i\000n\000g}{chapter.10}% 83
\BOOKMARK [0][-]{chapter.11}{\376\377\000C\000o\000n\000c\000l\000u\000s\000i\000o\000n}{}% 84
\BOOKMARK [1][-]{section.11.1}{\376\377\000S\000u\000m\000m\000a\000r\000y\000\040\000o\000f\000\040\000C\000o\000n\000t\000r\000i\000b\000u\000t\000i\000o\000n\000s}{chapter.11}% 85
\BOOKMARK [1][-]{section.11.2}{\376\377\000T\000e\000c\000h\000n\000i\000c\000a\000l\000\040\000A\000c\000h\000i\000e\000v\000e\000m\000e\000n\000t\000s}{chapter.11}% 86
\BOOKMARK [1][-]{section.11.3}{\376\377\000L\000i\000m\000i\000t\000a\000t\000i\000o\000n\000s}{chapter.11}% 87
\BOOKMARK [1][-]{section.11.4}{\376\377\000F\000u\000t\000u\000r\000e\000\040\000W\000o\000r\000k}{chapter.11}% 88
\BOOKMARK [1][-]{section.11.5}{\376\377\000F\000i\000n\000a\000l\000\040\000R\000e\000m\000a\000r\000k\000s}{chapter.11}% 89
\BOOKMARK [0][-]{appendix.A}{\376\377\000P\000r\000o\000j\000e\000c\000t\000\040\000D\000i\000r\000e\000c\000t\000o\000r\000y\000\040\000S\000t\000r\000u\000c\000t\000u\000r\000e}{}% 90
\BOOKMARK [0][-]{appendix.B}{\376\377\000G\000l\000o\000s\000s\000a\000r\000y}{}% 91
